Determining if the pthread_create exist failed with the following output:
Change Dir: /home/niu/Udacity/sensor_fusion/SFND_Lidar_Obstacle_Detection/build/CMakeFiles/CMakeTmp

Run Build Command:"/usr/bin/make" "cmTC_0226e/fast"
/usr/bin/make -f CMakeFiles/cmTC_0226e.dir/build.make CMakeFiles/cmTC_0226e.dir/build
make[1]: Entering directory '/home/niu/Udacity/sensor_fusion/SFND_Lidar_Obstacle_Detection/build/CMakeFiles/CMakeTmp'
Building C object CMakeFiles/cmTC_0226e.dir/CheckSymbolExists.c.o
/usr/bin/cc     -o CMakeFiles/cmTC_0226e.dir/CheckSymbolExists.c.o   -c /home/niu/Udacity/sensor_fusion/SFND_Lidar_Obstacle_Detection/build/CMakeFiles/CMakeTmp/CheckSymbolExists.c
Linking C executable cmTC_0226e
/usr/bin/cmake -E cmake_link_script CMakeFiles/cmTC_0226e.dir/link.txt --verbose=1
/usr/bin/cc       CMakeFiles/cmTC_0226e.dir/CheckSymbolExists.c.o  -o cmTC_0226e -rdynamic 
CMakeFiles/cmTC_0226e.dir/CheckSymbolExists.c.o: In function `main':
CheckSymbolExists.c:(.text+0x16): undefined reference to `pthread_create'
collect2: error: ld returned 1 exit status
CMakeFiles/cmTC_0226e.dir/build.make:97: recipe for target 'cmTC_0226e' failed
make[1]: *** [cmTC_0226e] Error 1
make[1]: Leaving directory '/home/niu/Udacity/sensor_fusion/SFND_Lidar_Obstacle_Detection/build/CMakeFiles/CMakeTmp'
Makefile:126: recipe for target 'cmTC_0226e/fast' failed
make: *** [cmTC_0226e/fast] Error 2

File /home/niu/Udacity/sensor_fusion/SFND_Lidar_Obstacle_Detection/build/CMakeFiles/CMakeTmp/CheckSymbolExists.c:
/* */
#include <pthread.h>

int main(int argc, char** argv)
{
  (void)argv;
#ifndef pthread_create
  return ((int*)(&pthread_create))[argc];
#else
  (void)argc;
  return 0;
#endif
}

Determining if the function pthread_create exists in the pthreads failed with the following output:
Change Dir: /home/niu/Udacity/sensor_fusion/SFND_Lidar_Obstacle_Detection/build/CMakeFiles/CMakeTmp

Run Build Command:"/usr/bin/make" "cmTC_1eab9/fast"
/usr/bin/make -f CMakeFiles/cmTC_1eab9.dir/build.make CMakeFiles/cmTC_1eab9.dir/build
make[1]: Entering directory '/home/niu/Udacity/sensor_fusion/SFND_Lidar_Obstacle_Detection/build/CMakeFiles/CMakeTmp'
Building C object CMakeFiles/cmTC_1eab9.dir/CheckFunctionExists.c.o
/usr/bin/cc    -DCHECK_FUNCTION_EXISTS=pthread_create   -o CMakeFiles/cmTC_1eab9.dir/CheckFunctionExists.c.o   -c /usr/share/cmake-3.5/Modules/CheckFunctionExists.c
Linking C executable cmTC_1eab9
/usr/bin/cmake -E cmake_link_script CMakeFiles/cmTC_1eab9.dir/link.txt --verbose=1
/usr/bin/cc   -DCHECK_FUNCTION_EXISTS=pthread_create    CMakeFiles/cmTC_1eab9.dir/CheckFunctionExists.c.o  -o cmTC_1eab9 -rdynamic -lpthreads 
/usr/bin/ld: cannot find -lpthreads
collect2: error: ld returned 1 exit status
CMakeFiles/cmTC_1eab9.dir/build.make:97: recipe for target 'cmTC_1eab9' failed
make[1]: *** [cmTC_1eab9] Error 1
make[1]: Leaving directory '/home/niu/Udacity/sensor_fusion/SFND_Lidar_Obstacle_Detection/build/CMakeFiles/CMakeTmp'
Makefile:126: recipe for target 'cmTC_1eab9/fast' failed
make: *** [cmTC_1eab9/fast] Error 2


